[ 2015-04-27T00:14:31+08:00 ] 127.0.0.1 /thinkblog/index.php?m=Admin
INFO: [ app_init ] --START--
INFO: Run Behavior\BuildLiteBehavior [ RunTime:0.000020s ]
INFO: Run Common\Behavior\InitHookBehavior [ RunTime:0.000408s ]
INFO: [ app_init ] --END-- [ RunTime:0.000595s ]
INFO: [ app_begin ] --START--
INFO: Run Behavior\ReadHtmlCacheBehavior [ RunTime:0.000054s ]
INFO: [ app_begin ] --END-- [ RunTime:0.000090s ]
SQL: SHOW COLUMNS FROM `th_group` [ RunTime:0.0010s ]
SQL: SELECT * FROM `th_group` WHERE `status` = 1 ORDER BY sort asc  [ RunTime:0.0002s ]
SQL: SHOW COLUMNS FROM `th_node` [ RunTime:0.0009s ]
SQL: SELECT `id`,`name`,`group_id`,`title`,`remark`,`icon` FROM `th_node` WHERE `level` = 2 AND `status` = 1 AND `pid` = 1 ORDER BY sort asc  [ RunTime:0.0002s ]
SQL: SHOW COLUMNS FROM `th_addons` [ RunTime:0.0009s ]
SQL: SELECT `title`,`name` FROM `th_addons` WHERE ( status=1 AND has_adminlist=1 )  [ RunTime:0.0001s ]
SQL: SHOW COLUMNS FROM `th_member` [ RunTime:0.0008s ]
SQL: SHOW COLUMNS FROM `th_ucenter_member` [ RunTime:0.0008s ]
SQL: SHOW COLUMNS FROM `th_member` [ RunTime:0.0011s ]
SQL: SELECT `nickname` FROM `th_member` WHERE `uid` = 1 LIMIT 1   [ RunTime:0.0001s ]
SQL: SHOW COLUMNS FROM `th_avatar` [ RunTime:0.0007s ]
SQL: SELECT * FROM `th_avatar` WHERE `uid` = 1 AND `status` = 1 AND `is_temp` = 0 LIMIT 1   [ RunTime:0.0001s ]
NOTIC: [8] Undefined index: nickname /var/www/thinkblog/App/Common/Common/user.php 第 356 行.
SQL: SHOW COLUMNS FROM `th_article` [ RunTime:0.0009s ]
SQL: SELECT SUM(view) AS tp_sum FROM `th_article` WHERE `status` = 1 LIMIT 1   [ RunTime:0.0003s ]
SQL: SELECT COUNT(*) AS tp_count FROM `th_article` WHERE `status` = 1 LIMIT 1   [ RunTime:0.0004s ]
SQL: SHOW COLUMNS FROM `th_member` [ RunTime:0.0011s ]
SQL: SELECT COUNT(*) AS tp_count FROM `th_member` WHERE `status` = 1 LIMIT 1   [ RunTime:0.0002s ]
SQL: SHOW COLUMNS FROM `th_syslogs` [ RunTime:0.0008s ]
SQL: SELECT * FROM `th_syslogs` ORDER BY id desc LIMIT 10   [ RunTime:0.0001s ]
SQL: SHOW COLUMNS FROM `th_local_comment` [ RunTime:0.0008s ]
SQL: select version() as ver [ RunTime:0.0002s ]
SQL: SHOW TABLE STATUS FROM thinkblog LIKE 'th_%' [ RunTime:0.0014s ]
INFO: [ view_begin ] --START--
INFO: Run Common\Behavior\basictemplateBehavior [ RunTime:0.000118s ]
INFO: [ view_begin ] --END-- [ RunTime:0.000181s ]
INFO: [ view_parse ] --START--
INFO: [ template_filter ] --START--
INFO: Run Behavior\ContentReplaceBehavior [ RunTime:0.000078s ]
INFO: [ template_filter ] --END-- [ RunTime:0.000131s ]
NOTIC: [8] Undefined index: hassub /var/www/thinkblog/Runtime/App/Cache/Admin/9df924d9a2d217daa77a359c5bee0c33.php 第 58 行.
NOTIC: [8] Undefined index: hassub /var/www/thinkblog/Runtime/App/Cache/Admin/9df924d9a2d217daa77a359c5bee0c33.php 第 58 行.
NOTIC: [8] Undefined index: hassub /var/www/thinkblog/Runtime/App/Cache/Admin/9df924d9a2d217daa77a359c5bee0c33.php 第 58 行.
NOTIC: [8] Undefined index: hassub /var/www/thinkblog/Runtime/App/Cache/Admin/9df924d9a2d217daa77a359c5bee0c33.php 第 58 行.
NOTIC: [8] Undefined index: hassub /var/www/thinkblog/Runtime/App/Cache/Admin/9df924d9a2d217daa77a359c5bee0c33.php 第 58 行.
NOTIC: [8] Undefined index: hassub /var/www/thinkblog/Runtime/App/Cache/Admin/9df924d9a2d217daa77a359c5bee0c33.php 第 58 行.
NOTIC: [8] Undefined index: hassub /var/www/thinkblog/Runtime/App/Cache/Admin/9df924d9a2d217daa77a359c5bee0c33.php 第 58 行.
NOTIC: [8] Undefined index: hassub /var/www/thinkblog/Runtime/App/Cache/Admin/9df924d9a2d217daa77a359c5bee0c33.php 第 58 行.
NOTIC: [8] Undefined index: hassub /var/www/thinkblog/Runtime/App/Cache/Admin/9df924d9a2d217daa77a359c5bee0c33.php 第 58 行.
NOTIC: [8] Undefined index: hassub /var/www/thinkblog/Runtime/App/Cache/Admin/9df924d9a2d217daa77a359c5bee0c33.php 第 58 行.
NOTIC: [8] Undefined index: hassub /var/www/thinkblog/Runtime/App/Cache/Admin/9df924d9a2d217daa77a359c5bee0c33.php 第 58 行.
NOTIC: [8] Undefined index: hassub /var/www/thinkblog/Runtime/App/Cache/Admin/9df924d9a2d217daa77a359c5bee0c33.php 第 58 行.
NOTIC: [8] Undefined index: hassub /var/www/thinkblog/Runtime/App/Cache/Admin/9df924d9a2d217daa77a359c5bee0c33.php 第 58 行.
NOTIC: [8] Undefined index: hassub /var/www/thinkblog/Runtime/App/Cache/Admin/9df924d9a2d217daa77a359c5bee0c33.php 第 58 行.
NOTIC: [8] Undefined index: hassub /var/www/thinkblog/Runtime/App/Cache/Admin/9df924d9a2d217daa77a359c5bee0c33.php 第 58 行.
NOTIC: [8] Undefined index: hassub /var/www/thinkblog/Runtime/App/Cache/Admin/9df924d9a2d217daa77a359c5bee0c33.php 第 58 行.
NOTIC: [8] Undefined index: hassub /var/www/thinkblog/Runtime/App/Cache/Admin/9df924d9a2d217daa77a359c5bee0c33.php 第 58 行.
NOTIC: [8] Undefined index: hassub /var/www/thinkblog/Runtime/App/Cache/Admin/9df924d9a2d217daa77a359c5bee0c33.php 第 58 行.
NOTIC: [8] Undefined index: hassub /var/www/thinkblog/Runtime/App/Cache/Admin/9df924d9a2d217daa77a359c5bee0c33.php 第 58 行.
NOTIC: [8] Undefined index: hassub /var/www/thinkblog/Runtime/App/Cache/Admin/9df924d9a2d217daa77a359c5bee0c33.php 第 58 行.
NOTIC: [8] Undefined index: id /var/www/thinkblog/Runtime/App/Cache/Admin/9df924d9a2d217daa77a359c5bee0c33.php 第 408 行.
INFO: Run Behavior\ParseTemplateBehavior [ RunTime:0.016301s ]
INFO: [ view_parse ] --END-- [ RunTime:0.016350s ]
INFO: [ view_filter ] --START--
INFO: Run Behavior\WriteHtmlCacheBehavior [ RunTime:0.000065s ]
INFO: [ view_filter ] --END-- [ RunTime:0.000104s ]
INFO: [ app_end ] --START--
INFO: Run Behavior\ShowPageTraceBehavior [ RunTime:0.000056s ]
INFO: [ app_end ] --END-- [ RunTime:0.000096s ]

[ 2015-04-27T00:14:36+08:00 ] 127.0.0.1 /thinkblog/index.php?m=Admin&c=Article&a=index
INFO: [ app_init ] --START--
INFO: Run Behavior\BuildLiteBehavior [ RunTime:0.000008s ]
INFO: Run Common\Behavior\InitHookBehavior [ RunTime:0.000165s ]
INFO: [ app_init ] --END-- [ RunTime:0.000255s ]
INFO: [ app_begin ] --START--
INFO: Run Behavior\ReadHtmlCacheBehavior [ RunTime:0.000022s ]
INFO: [ app_begin ] --END-- [ RunTime:0.000040s ]
NOTIC: [2048] Declaration of Admin\Controller\ArticleController::_initialize() should be compatible with Admin\Controller\CommonController::_initialize($dwz_db_name = '') /var/www/thinkblog/App/Admin/Controller/ArticleController.class.php 第 5 行.
NOTIC: [8] Undefined variable: nb /var/www/thinkblog/App/Common/Api/CategoryApi.class.php 第 38 行.
SQL: SHOW COLUMNS FROM `th_cate` [ RunTime:0.0007s ]
SQL: SELECT * FROM `th_cate` WHERE `pid` = 0 AND `type` = 1 ORDER BY ordid asc,id desc  [ RunTime:0.0001s ]
SQL: SELECT * FROM `th_cate` WHERE `pid` = 1 AND `type` = 1 ORDER BY ordid asc,id desc  [ RunTime:0.0001s ]
SQL: SELECT * FROM `th_cate` WHERE `pid` = 3 AND `type` = 1 ORDER BY ordid asc,id desc  [ RunTime:0.0001s ]
SQL: SELECT * FROM `th_cate` WHERE `pid` = 4 AND `type` = 1 ORDER BY ordid asc,id desc  [ RunTime:0.0001s ]
SQL: SELECT * FROM `th_cate` WHERE `pid` = 2 AND `type` = 1 ORDER BY ordid asc,id desc  [ RunTime:0.0001s ]
SQL: SHOW COLUMNS FROM `th_group` [ RunTime:0.0007s ]
SQL: SELECT * FROM `th_group` WHERE `status` = 1 ORDER BY sort asc  [ RunTime:0.0002s ]
SQL: SHOW COLUMNS FROM `th_node` [ RunTime:0.0008s ]
SQL: SELECT `id`,`name`,`group_id`,`title`,`remark`,`icon` FROM `th_node` WHERE `level` = 2 AND `status` = 1 AND `pid` = 1 ORDER BY sort asc  [ RunTime:0.0001s ]
SQL: SHOW COLUMNS FROM `th_addons` [ RunTime:0.0009s ]
SQL: SELECT `title`,`name` FROM `th_addons` WHERE ( status=1 AND has_adminlist=1 )  [ RunTime:0.0001s ]
SQL: SHOW COLUMNS FROM `th_node` [ RunTime:0.0015s ]
SQL: SELECT * FROM `th_node` WHERE `remark` = 'index' AND `name` = 'Article' LIMIT 1   [ RunTime:0.0002s ]
SQL: SELECT * FROM `th_node` WHERE `level` = 2 AND `name` = 'Article' AND `remark` = '' LIMIT 1   [ RunTime:0.0001s ]
SQL: SHOW COLUMNS FROM `th_group` [ RunTime:0.0008s ]
SQL: SELECT `id`,`title` FROM `th_group`  [ RunTime:0.0001s ]
SQL: SHOW COLUMNS FROM `th_member` [ RunTime:0.0009s ]
SQL: SHOW COLUMNS FROM `th_ucenter_member` [ RunTime:0.0006s ]
SQL: SHOW COLUMNS FROM `th_member` [ RunTime:0.0007s ]
SQL: SELECT `nickname` FROM `th_member` WHERE `uid` = 1 LIMIT 1   [ RunTime:0.0001s ]
SQL: SHOW COLUMNS FROM `th_avatar` [ RunTime:0.0008s ]
SQL: SELECT * FROM `th_avatar` WHERE `uid` = 1 AND `status` = 1 AND `is_temp` = 0 LIMIT 1   [ RunTime:0.0001s ]
NOTIC: [8] Undefined index: nickname /var/www/thinkblog/App/Common/Common/user.php 第 356 行.
SQL: SHOW COLUMNS FROM `th_article` [ RunTime:0.0006s ]
SQL: SELECT * FROM `th_article`  [ RunTime:0.0002s ]
INFO: [ view_begin ] --START--
INFO: Run Common\Behavior\basictemplateBehavior [ RunTime:0.000068s ]
INFO: [ view_begin ] --END-- [ RunTime:0.000103s ]
INFO: [ view_parse ] --START--
INFO: [ template_filter ] --START--
INFO: Run Behavior\ContentReplaceBehavior [ RunTime:0.000107s ]
INFO: [ template_filter ] --END-- [ RunTime:0.000181s ]
NOTIC: [8] Undefined index: hassub /var/www/thinkblog/Runtime/App/Cache/Admin/ac492b5605bffa8cac27c5e0dc599b32.php 第 58 行.
NOTIC: [8] Undefined index: hassub /var/www/thinkblog/Runtime/App/Cache/Admin/ac492b5605bffa8cac27c5e0dc599b32.php 第 58 行.
NOTIC: [8] Undefined index: hassub /var/www/thinkblog/Runtime/App/Cache/Admin/ac492b5605bffa8cac27c5e0dc599b32.php 第 58 行.
NOTIC: [8] Undefined index: hassub /var/www/thinkblog/Runtime/App/Cache/Admin/ac492b5605bffa8cac27c5e0dc599b32.php 第 58 行.
NOTIC: [8] Undefined index: hassub /var/www/thinkblog/Runtime/App/Cache/Admin/ac492b5605bffa8cac27c5e0dc599b32.php 第 58 行.
NOTIC: [8] Undefined index: hassub /var/www/thinkblog/Runtime/App/Cache/Admin/ac492b5605bffa8cac27c5e0dc599b32.php 第 58 行.
NOTIC: [8] Undefined index: hassub /var/www/thinkblog/Runtime/App/Cache/Admin/ac492b5605bffa8cac27c5e0dc599b32.php 第 58 行.
NOTIC: [8] Undefined index: hassub /var/www/thinkblog/Runtime/App/Cache/Admin/ac492b5605bffa8cac27c5e0dc599b32.php 第 58 行.
NOTIC: [8] Undefined index: hassub /var/www/thinkblog/Runtime/App/Cache/Admin/ac492b5605bffa8cac27c5e0dc599b32.php 第 58 行.
NOTIC: [8] Undefined index: hassub /var/www/thinkblog/Runtime/App/Cache/Admin/ac492b5605bffa8cac27c5e0dc599b32.php 第 58 行.
NOTIC: [8] Undefined index: hassub /var/www/thinkblog/Runtime/App/Cache/Admin/ac492b5605bffa8cac27c5e0dc599b32.php 第 58 行.
NOTIC: [8] Undefined index: hassub /var/www/thinkblog/Runtime/App/Cache/Admin/ac492b5605bffa8cac27c5e0dc599b32.php 第 58 行.
NOTIC: [8] Undefined index: hassub /var/www/thinkblog/Runtime/App/Cache/Admin/ac492b5605bffa8cac27c5e0dc599b32.php 第 58 行.
NOTIC: [8] Undefined index: hassub /var/www/thinkblog/Runtime/App/Cache/Admin/ac492b5605bffa8cac27c5e0dc599b32.php 第 58 行.
NOTIC: [8] Undefined index: hassub /var/www/thinkblog/Runtime/App/Cache/Admin/ac492b5605bffa8cac27c5e0dc599b32.php 第 58 行.
NOTIC: [8] Undefined index: hassub /var/www/thinkblog/Runtime/App/Cache/Admin/ac492b5605bffa8cac27c5e0dc599b32.php 第 58 行.
NOTIC: [8] Undefined index: hassub /var/www/thinkblog/Runtime/App/Cache/Admin/ac492b5605bffa8cac27c5e0dc599b32.php 第 58 行.
NOTIC: [8] Undefined index: hassub /var/www/thinkblog/Runtime/App/Cache/Admin/ac492b5605bffa8cac27c5e0dc599b32.php 第 58 行.
NOTIC: [8] Undefined index: hassub /var/www/thinkblog/Runtime/App/Cache/Admin/ac492b5605bffa8cac27c5e0dc599b32.php 第 58 行.
NOTIC: [8] Undefined index: hassub /var/www/thinkblog/Runtime/App/Cache/Admin/ac492b5605bffa8cac27c5e0dc599b32.php 第 58 行.
NOTIC: [8] Undefined variable: order /var/www/thinkblog/Runtime/App/Cache/Admin/ac492b5605bffa8cac27c5e0dc599b32.php 第 223 行.
NOTIC: [8] Undefined variable: order /var/www/thinkblog/Runtime/App/Cache/Admin/ac492b5605bffa8cac27c5e0dc599b32.php 第 224 行.
NOTIC: [8] Undefined variable: order /var/www/thinkblog/Runtime/App/Cache/Admin/ac492b5605bffa8cac27c5e0dc599b32.php 第 225 行.
INFO: Run Behavior\ParseTemplateBehavior [ RunTime:0.013994s ]
INFO: [ view_parse ] --END-- [ RunTime:0.014038s ]
INFO: [ view_filter ] --START--
INFO: Run Behavior\WriteHtmlCacheBehavior [ RunTime:0.000053s ]
INFO: [ view_filter ] --END-- [ RunTime:0.000087s ]
INFO: [ app_end ] --START--
INFO: Run Behavior\ShowPageTraceBehavior [ RunTime:0.000050s ]
INFO: [ app_end ] --END-- [ RunTime:0.000092s ]

[ 2015-04-27T00:14:42+08:00 ] 127.0.0.1 /thinkblog/index.php?m=Admin&c=Article&a=edit&id=1
INFO: [ app_init ] --START--
INFO: Run Behavior\BuildLiteBehavior [ RunTime:0.000015s ]
INFO: Run Common\Behavior\InitHookBehavior [ RunTime:0.000233s ]
INFO: [ app_init ] --END-- [ RunTime:0.000367s ]
INFO: [ app_begin ] --START--
INFO: Run Behavior\ReadHtmlCacheBehavior [ RunTime:0.000047s ]
INFO: [ app_begin ] --END-- [ RunTime:0.000068s ]
NOTIC: [2048] Declaration of Admin\Controller\ArticleController::_initialize() should be compatible with Admin\Controller\CommonController::_initialize($dwz_db_name = '') /var/www/thinkblog/App/Admin/Controller/ArticleController.class.php 第 5 行.
NOTIC: [8] Undefined variable: nb /var/www/thinkblog/App/Common/Api/CategoryApi.class.php 第 38 行.
SQL: SHOW COLUMNS FROM `th_cate` [ RunTime:0.0005s ]
SQL: SELECT * FROM `th_cate` WHERE `pid` = 0 AND `type` = 1 ORDER BY ordid asc,id desc  [ RunTime:0.0001s ]
SQL: SELECT * FROM `th_cate` WHERE `pid` = 1 AND `type` = 1 ORDER BY ordid asc,id desc  [ RunTime:0.0001s ]
SQL: SELECT * FROM `th_cate` WHERE `pid` = 3 AND `type` = 1 ORDER BY ordid asc,id desc  [ RunTime:0.0001s ]
SQL: SELECT * FROM `th_cate` WHERE `pid` = 4 AND `type` = 1 ORDER BY ordid asc,id desc  [ RunTime:0.0001s ]
SQL: SELECT * FROM `th_cate` WHERE `pid` = 2 AND `type` = 1 ORDER BY ordid asc,id desc  [ RunTime:0.0001s ]
SQL: SHOW COLUMNS FROM `th_group` [ RunTime:0.0004s ]
SQL: SELECT * FROM `th_group` WHERE `status` = 1 ORDER BY sort asc  [ RunTime:0.0001s ]
SQL: SHOW COLUMNS FROM `th_node` [ RunTime:0.0003s ]
SQL: SELECT `id`,`name`,`group_id`,`title`,`remark`,`icon` FROM `th_node` WHERE `level` = 2 AND `status` = 1 AND `pid` = 1 ORDER BY sort asc  [ RunTime:0.0001s ]
SQL: SHOW COLUMNS FROM `th_addons` [ RunTime:0.0003s ]
SQL: SELECT `title`,`name` FROM `th_addons` WHERE ( status=1 AND has_adminlist=1 )  [ RunTime:0.0000s ]
SQL: SHOW COLUMNS FROM `th_node` [ RunTime:0.0003s ]
SQL: SELECT * FROM `th_node` WHERE `remark` = 'edit' AND `name` = 'Article' LIMIT 1   [ RunTime:0.0001s ]
SQL: SELECT `id` FROM `th_node` WHERE `name` = 'Article' AND `remark` = '' AND `level` = 2 LIMIT 1   [ RunTime:0.0000s ]
SQL: SELECT * FROM `th_node` WHERE `level` = 3 AND `name` = 'edit' AND `pid` = 294 LIMIT 1   [ RunTime:0.0001s ]
SQL: SELECT * FROM `th_node` WHERE `id` = 294 LIMIT 1   [ RunTime:0.0001s ]
SQL: SHOW COLUMNS FROM `th_member` [ RunTime:0.0009s ]
SQL: SHOW COLUMNS FROM `th_ucenter_member` [ RunTime:0.0008s ]
SQL: SHOW COLUMNS FROM `th_member` [ RunTime:0.0013s ]
SQL: SELECT `nickname` FROM `th_member` WHERE `uid` = 1 LIMIT 1   [ RunTime:0.0002s ]
SQL: SHOW COLUMNS FROM `th_avatar` [ RunTime:0.0011s ]
SQL: SELECT * FROM `th_avatar` WHERE `uid` = 1 AND `status` = 1 AND `is_temp` = 0 LIMIT 1   [ RunTime:0.0002s ]
NOTIC: [8] Undefined index: nickname /var/www/thinkblog/App/Common/Common/user.php 第 356 行.
SQL: SHOW COLUMNS FROM `th_article` [ RunTime:0.0012s ]
SQL: SELECT * FROM `th_article` WHERE `id` = 1 LIMIT 1   [ RunTime:0.0002s ]
INFO: [ view_begin ] --START--
INFO: Run Common\Behavior\basictemplateBehavior [ RunTime:0.000120s ]
INFO: [ view_begin ] --END-- [ RunTime:0.000189s ]
INFO: [ view_parse ] --START--
INFO: [ template_filter ] --START--
INFO: Run Behavior\ContentReplaceBehavior [ RunTime:0.000054s ]
INFO: [ template_filter ] --END-- [ RunTime:0.000095s ]
NOTIC: [8] Undefined index: hassub /var/www/thinkblog/Runtime/App/Cache/Admin/1104de50aaf571d1f72f5ad1d1b77d03.php 第 58 行.
NOTIC: [8] Undefined index: hassub /var/www/thinkblog/Runtime/App/Cache/Admin/1104de50aaf571d1f72f5ad1d1b77d03.php 第 58 行.
NOTIC: [8] Undefined index: hassub /var/www/thinkblog/Runtime/App/Cache/Admin/1104de50aaf571d1f72f5ad1d1b77d03.php 第 58 行.
NOTIC: [8] Undefined index: hassub /var/www/thinkblog/Runtime/App/Cache/Admin/1104de50aaf571d1f72f5ad1d1b77d03.php 第 58 行.
NOTIC: [8] Undefined index: hassub /var/www/thinkblog/Runtime/App/Cache/Admin/1104de50aaf571d1f72f5ad1d1b77d03.php 第 58 行.
NOTIC: [8] Undefined index: hassub /var/www/thinkblog/Runtime/App/Cache/Admin/1104de50aaf571d1f72f5ad1d1b77d03.php 第 58 行.
NOTIC: [8] Undefined index: hassub /var/www/thinkblog/Runtime/App/Cache/Admin/1104de50aaf571d1f72f5ad1d1b77d03.php 第 58 行.
NOTIC: [8] Undefined index: hassub /var/www/thinkblog/Runtime/App/Cache/Admin/1104de50aaf571d1f72f5ad1d1b77d03.php 第 58 行.
NOTIC: [8] Undefined index: hassub /var/www/thinkblog/Runtime/App/Cache/Admin/1104de50aaf571d1f72f5ad1d1b77d03.php 第 58 行.
NOTIC: [8] Undefined index: hassub /var/www/thinkblog/Runtime/App/Cache/Admin/1104de50aaf571d1f72f5ad1d1b77d03.php 第 58 行.
NOTIC: [8] Undefined index: hassub /var/www/thinkblog/Runtime/App/Cache/Admin/1104de50aaf571d1f72f5ad1d1b77d03.php 第 58 行.
NOTIC: [8] Undefined index: hassub /var/www/thinkblog/Runtime/App/Cache/Admin/1104de50aaf571d1f72f5ad1d1b77d03.php 第 58 行.
NOTIC: [8] Undefined index: hassub /var/www/thinkblog/Runtime/App/Cache/Admin/1104de50aaf571d1f72f5ad1d1b77d03.php 第 58 行.
NOTIC: [8] Undefined index: hassub /var/www/thinkblog/Runtime/App/Cache/Admin/1104de50aaf571d1f72f5ad1d1b77d03.php 第 58 行.
NOTIC: [8] Undefined index: hassub /var/www/thinkblog/Runtime/App/Cache/Admin/1104de50aaf571d1f72f5ad1d1b77d03.php 第 58 行.
NOTIC: [8] Undefined index: hassub /var/www/thinkblog/Runtime/App/Cache/Admin/1104de50aaf571d1f72f5ad1d1b77d03.php 第 58 行.
NOTIC: [8] Undefined index: hassub /var/www/thinkblog/Runtime/App/Cache/Admin/1104de50aaf571d1f72f5ad1d1b77d03.php 第 58 行.
NOTIC: [8] Undefined index: hassub /var/www/thinkblog/Runtime/App/Cache/Admin/1104de50aaf571d1f72f5ad1d1b77d03.php 第 58 行.
NOTIC: [8] Undefined index: hassub /var/www/thinkblog/Runtime/App/Cache/Admin/1104de50aaf571d1f72f5ad1d1b77d03.php 第 58 行.
NOTIC: [8] Undefined index: hassub /var/www/thinkblog/Runtime/App/Cache/Admin/1104de50aaf571d1f72f5ad1d1b77d03.php 第 58 行.
INFO: Run Behavior\ParseTemplateBehavior [ RunTime:0.046836s ]
INFO: [ view_parse ] --END-- [ RunTime:0.046890s ]
INFO: [ view_filter ] --START--
INFO: Run Behavior\WriteHtmlCacheBehavior [ RunTime:0.000040s ]
INFO: [ view_filter ] --END-- [ RunTime:0.000064s ]
INFO: [ app_end ] --START--
INFO: Run Behavior\ShowPageTraceBehavior [ RunTime:0.000038s ]
INFO: [ app_end ] --END-- [ RunTime:0.000061s ]

[ 2015-04-27T00:14:57+08:00 ] 127.0.0.1 /thinkblog/index.php?m=Admin&c=Article&a=update
INFO: [ app_init ] --START--
INFO: Run Behavior\BuildLiteBehavior [ RunTime:0.000020s ]
INFO: Run Common\Behavior\InitHookBehavior [ RunTime:0.000343s ]
INFO: [ app_init ] --END-- [ RunTime:0.000511s ]
INFO: [ app_begin ] --START--
INFO: Run Behavior\ReadHtmlCacheBehavior [ RunTime:0.000050s ]
INFO: [ app_begin ] --END-- [ RunTime:0.000080s ]
NOTIC: [2048] Declaration of Admin\Controller\ArticleController::_initialize() should be compatible with Admin\Controller\CommonController::_initialize($dwz_db_name = '') /var/www/thinkblog/App/Admin/Controller/ArticleController.class.php 第 5 行.
NOTIC: [8] Undefined variable: nb /var/www/thinkblog/App/Common/Api/CategoryApi.class.php 第 38 行.
SQL: SHOW COLUMNS FROM `th_cate` [ RunTime:0.0008s ]
SQL: SELECT * FROM `th_cate` WHERE `pid` = 0 AND `type` = 1 ORDER BY ordid asc,id desc  [ RunTime:0.0001s ]
SQL: SELECT * FROM `th_cate` WHERE `pid` = 1 AND `type` = 1 ORDER BY ordid asc,id desc  [ RunTime:0.0001s ]
SQL: SELECT * FROM `th_cate` WHERE `pid` = 3 AND `type` = 1 ORDER BY ordid asc,id desc  [ RunTime:0.0001s ]
SQL: SELECT * FROM `th_cate` WHERE `pid` = 4 AND `type` = 1 ORDER BY ordid asc,id desc  [ RunTime:0.0001s ]
SQL: SELECT * FROM `th_cate` WHERE `pid` = 2 AND `type` = 1 ORDER BY ordid asc,id desc  [ RunTime:0.0001s ]
SQL: SHOW COLUMNS FROM `th_group` [ RunTime:0.0006s ]
SQL: SELECT * FROM `th_group` WHERE `status` = 1 ORDER BY sort asc  [ RunTime:0.0001s ]
SQL: SHOW COLUMNS FROM `th_node` [ RunTime:0.0007s ]
SQL: SELECT `id`,`name`,`group_id`,`title`,`remark`,`icon` FROM `th_node` WHERE `level` = 2 AND `status` = 1 AND `pid` = 1 ORDER BY sort asc  [ RunTime:0.0001s ]
SQL: SHOW COLUMNS FROM `th_addons` [ RunTime:0.0008s ]
SQL: SELECT `title`,`name` FROM `th_addons` WHERE ( status=1 AND has_adminlist=1 )  [ RunTime:0.0001s ]
SQL: SHOW COLUMNS FROM `th_node` [ RunTime:0.0009s ]
SQL: SELECT * FROM `th_node` WHERE `remark` = 'update' AND `name` = 'Article' LIMIT 1   [ RunTime:0.0001s ]
SQL: SELECT `id` FROM `th_node` WHERE `name` = 'Article' AND `remark` = '' AND `level` = 2 LIMIT 1   [ RunTime:0.0001s ]
SQL: SELECT * FROM `th_node` WHERE `level` = 3 AND `name` = 'update' AND `pid` = 294 LIMIT 1   [ RunTime:0.0001s ]
SQL: SELECT * FROM `th_node` WHERE `id` = 294 LIMIT 1   [ RunTime:0.0001s ]
SQL: SHOW COLUMNS FROM `th_member` [ RunTime:0.0009s ]
SQL: SHOW COLUMNS FROM `th_ucenter_member` [ RunTime:0.0006s ]
SQL: SHOW COLUMNS FROM `th_member` [ RunTime:0.0007s ]
SQL: SELECT `nickname` FROM `th_member` WHERE `uid` = 1 LIMIT 1   [ RunTime:0.0001s ]
SQL: SHOW COLUMNS FROM `th_avatar` [ RunTime:0.0006s ]
SQL: SELECT * FROM `th_avatar` WHERE `uid` = 1 AND `status` = 1 AND `is_temp` = 0 LIMIT 1   [ RunTime:0.0001s ]
NOTIC: [8] Undefined index: nickname /var/www/thinkblog/App/Common/Common/user.php 第 356 行.
SQL: SHOW COLUMNS FROM `th_article` [ RunTime:0.0009s ]
SQL: UPDATE `th_article` SET `title`='两个高危漏洞~',`description`='<p>
	http://wooyun.org/bugs/wooyun-2010-0101084
</p>
<p>
	http://wooyun.org/bugs/wooyun-2010-0101083
</p>
<p class=\"mt30\">
	原文链接：<a href=\"http://www.baidu.com\">两个高危漏洞~</a>，转发请注明来源！
</p>',`cid`='1',`update_time`='1430064897' WHERE `id` = 1 [ RunTime:0.0510s ]

[ 2015-04-27T00:14:57+08:00 ] 127.0.0.1 /thinkblog/index.php?m=Admin&c=Article&a=update
NOTIC: [8] Undefined index: navTabId /var/www/thinkblog/App/Admin/Controller/CommonController.class.php 第 446 行.
SQL: SHOW COLUMNS FROM `th_syslogs` [ RunTime:0.0006s ]
SQL: SHOW COLUMNS FROM `th_node` [ RunTime:0.0009s ]
SQL: SELECT `title` FROM `th_node` WHERE `name` = 'Article' AND `level` = 2 LIMIT 1   [ RunTime:0.0001s ]
SQL: SELECT `title` FROM `th_node` WHERE `name` = 'update' AND `level` = 3 LIMIT 1   [ RunTime:0.0001s ]
SQL: INSERT INTO `th_syslogs` (`modulename`,`actionname`,`opname`,`message`,`username`,`userid`,`userip`,`create_time`) VALUES ('博客管理','更新','','修改成功!','admin','1','127.0.0.1','1430064897') [ RunTime:0.0003s ]

[ 2015-04-27T00:14:59+08:00 ] 127.0.0.1 /thinkblog/index.php?m=Admin&c=Article&a=index
INFO: [ app_init ] --START--
INFO: Run Behavior\BuildLiteBehavior [ RunTime:0.000014s ]
INFO: Run Common\Behavior\InitHookBehavior [ RunTime:0.000234s ]
INFO: [ app_init ] --END-- [ RunTime:0.000353s ]
INFO: [ app_begin ] --START--
INFO: Run Behavior\ReadHtmlCacheBehavior [ RunTime:0.000033s ]
INFO: [ app_begin ] --END-- [ RunTime:0.000069s ]
NOTIC: [2048] Declaration of Admin\Controller\ArticleController::_initialize() should be compatible with Admin\Controller\CommonController::_initialize($dwz_db_name = '') /var/www/thinkblog/App/Admin/Controller/ArticleController.class.php 第 5 行.
NOTIC: [8] Undefined variable: nb /var/www/thinkblog/App/Common/Api/CategoryApi.class.php 第 38 行.
SQL: SHOW COLUMNS FROM `th_cate` [ RunTime:0.0007s ]
SQL: SELECT * FROM `th_cate` WHERE `pid` = 0 AND `type` = 1 ORDER BY ordid asc,id desc  [ RunTime:0.0001s ]
SQL: SELECT * FROM `th_cate` WHERE `pid` = 1 AND `type` = 1 ORDER BY ordid asc,id desc  [ RunTime:0.0001s ]
SQL: SELECT * FROM `th_cate` WHERE `pid` = 3 AND `type` = 1 ORDER BY ordid asc,id desc  [ RunTime:0.0001s ]
SQL: SELECT * FROM `th_cate` WHERE `pid` = 4 AND `type` = 1 ORDER BY ordid asc,id desc  [ RunTime:0.0001s ]
SQL: SELECT * FROM `th_cate` WHERE `pid` = 2 AND `type` = 1 ORDER BY ordid asc,id desc  [ RunTime:0.0001s ]
SQL: SHOW COLUMNS FROM `th_group` [ RunTime:0.0005s ]
SQL: SELECT * FROM `th_group` WHERE `status` = 1 ORDER BY sort asc  [ RunTime:0.0001s ]
SQL: SHOW COLUMNS FROM `th_node` [ RunTime:0.0005s ]
SQL: SELECT `id`,`name`,`group_id`,`title`,`remark`,`icon` FROM `th_node` WHERE `level` = 2 AND `status` = 1 AND `pid` = 1 ORDER BY sort asc  [ RunTime:0.0001s ]
SQL: SHOW COLUMNS FROM `th_addons` [ RunTime:0.0004s ]
SQL: SELECT `title`,`name` FROM `th_addons` WHERE ( status=1 AND has_adminlist=1 )  [ RunTime:0.0001s ]
SQL: SHOW COLUMNS FROM `th_node` [ RunTime:0.0006s ]
SQL: SELECT * FROM `th_node` WHERE `remark` = 'index' AND `name` = 'Article' LIMIT 1   [ RunTime:0.0001s ]
SQL: SELECT * FROM `th_node` WHERE `level` = 2 AND `name` = 'Article' AND `remark` = '' LIMIT 1   [ RunTime:0.0001s ]
SQL: SHOW COLUMNS FROM `th_group` [ RunTime:0.0005s ]
SQL: SELECT `id`,`title` FROM `th_group`  [ RunTime:0.0001s ]
SQL: SHOW COLUMNS FROM `th_member` [ RunTime:0.0008s ]
SQL: SHOW COLUMNS FROM `th_ucenter_member` [ RunTime:0.0007s ]
SQL: SHOW COLUMNS FROM `th_member` [ RunTime:0.0008s ]
SQL: SELECT `nickname` FROM `th_member` WHERE `uid` = 1 LIMIT 1   [ RunTime:0.0001s ]
SQL: SHOW COLUMNS FROM `th_avatar` [ RunTime:0.0003s ]
SQL: SELECT * FROM `th_avatar` WHERE `uid` = 1 AND `status` = 1 AND `is_temp` = 0 LIMIT 1   [ RunTime:0.0001s ]
NOTIC: [8] Undefined index: nickname /var/www/thinkblog/App/Common/Common/user.php 第 356 行.
SQL: SHOW COLUMNS FROM `th_article` [ RunTime:0.0005s ]
SQL: SELECT * FROM `th_article`  [ RunTime:0.0002s ]
INFO: [ view_begin ] --START--
INFO: Run Common\Behavior\basictemplateBehavior [ RunTime:0.000091s ]
INFO: [ view_begin ] --END-- [ RunTime:0.000141s ]
INFO: [ view_parse ] --START--
INFO: [ template_filter ] --START--
INFO: Run Behavior\ContentReplaceBehavior [ RunTime:0.000073s ]
INFO: [ template_filter ] --END-- [ RunTime:0.000119s ]
NOTIC: [8] Undefined index: hassub /var/www/thinkblog/Runtime/App/Cache/Admin/ac492b5605bffa8cac27c5e0dc599b32.php 第 58 行.
NOTIC: [8] Undefined index: hassub /var/www/thinkblog/Runtime/App/Cache/Admin/ac492b5605bffa8cac27c5e0dc599b32.php 第 58 行.
NOTIC: [8] Undefined index: hassub /var/www/thinkblog/Runtime/App/Cache/Admin/ac492b5605bffa8cac27c5e0dc599b32.php 第 58 行.
NOTIC: [8] Undefined index: hassub /var/www/thinkblog/Runtime/App/Cache/Admin/ac492b5605bffa8cac27c5e0dc599b32.php 第 58 行.
NOTIC: [8] Undefined index: hassub /var/www/thinkblog/Runtime/App/Cache/Admin/ac492b5605bffa8cac27c5e0dc599b32.php 第 58 行.
NOTIC: [8] Undefined index: hassub /var/www/thinkblog/Runtime/App/Cache/Admin/ac492b5605bffa8cac27c5e0dc599b32.php 第 58 行.
NOTIC: [8] Undefined index: hassub /var/www/thinkblog/Runtime/App/Cache/Admin/ac492b5605bffa8cac27c5e0dc599b32.php 第 58 行.
NOTIC: [8] Undefined index: hassub /var/www/thinkblog/Runtime/App/Cache/Admin/ac492b5605bffa8cac27c5e0dc599b32.php 第 58 行.
NOTIC: [8] Undefined index: hassub /var/www/thinkblog/Runtime/App/Cache/Admin/ac492b5605bffa8cac27c5e0dc599b32.php 第 58 行.
NOTIC: [8] Undefined index: hassub /var/www/thinkblog/Runtime/App/Cache/Admin/ac492b5605bffa8cac27c5e0dc599b32.php 第 58 行.
NOTIC: [8] Undefined index: hassub /var/www/thinkblog/Runtime/App/Cache/Admin/ac492b5605bffa8cac27c5e0dc599b32.php 第 58 行.
NOTIC: [8] Undefined index: hassub /var/www/thinkblog/Runtime/App/Cache/Admin/ac492b5605bffa8cac27c5e0dc599b32.php 第 58 行.
NOTIC: [8] Undefined index: hassub /var/www/thinkblog/Runtime/App/Cache/Admin/ac492b5605bffa8cac27c5e0dc599b32.php 第 58 行.
NOTIC: [8] Undefined index: hassub /var/www/thinkblog/Runtime/App/Cache/Admin/ac492b5605bffa8cac27c5e0dc599b32.php 第 58 行.
NOTIC: [8] Undefined index: hassub /var/www/thinkblog/Runtime/App/Cache/Admin/ac492b5605bffa8cac27c5e0dc599b32.php 第 58 行.
NOTIC: [8] Undefined index: hassub /var/www/thinkblog/Runtime/App/Cache/Admin/ac492b5605bffa8cac27c5e0dc599b32.php 第 58 行.
NOTIC: [8] Undefined index: hassub /var/www/thinkblog/Runtime/App/Cache/Admin/ac492b5605bffa8cac27c5e0dc599b32.php 第 58 行.
NOTIC: [8] Undefined index: hassub /var/www/thinkblog/Runtime/App/Cache/Admin/ac492b5605bffa8cac27c5e0dc599b32.php 第 58 行.
NOTIC: [8] Undefined index: hassub /var/www/thinkblog/Runtime/App/Cache/Admin/ac492b5605bffa8cac27c5e0dc599b32.php 第 58 行.
NOTIC: [8] Undefined index: hassub /var/www/thinkblog/Runtime/App/Cache/Admin/ac492b5605bffa8cac27c5e0dc599b32.php 第 58 行.
NOTIC: [8] Undefined variable: order /var/www/thinkblog/Runtime/App/Cache/Admin/ac492b5605bffa8cac27c5e0dc599b32.php 第 223 行.
NOTIC: [8] Undefined variable: order /var/www/thinkblog/Runtime/App/Cache/Admin/ac492b5605bffa8cac27c5e0dc599b32.php 第 224 行.
NOTIC: [8] Undefined variable: order /var/www/thinkblog/Runtime/App/Cache/Admin/ac492b5605bffa8cac27c5e0dc599b32.php 第 225 行.
INFO: Run Behavior\ParseTemplateBehavior [ RunTime:0.013898s ]
INFO: [ view_parse ] --END-- [ RunTime:0.013943s ]
INFO: [ view_filter ] --START--
INFO: Run Behavior\WriteHtmlCacheBehavior [ RunTime:0.000042s ]
INFO: [ view_filter ] --END-- [ RunTime:0.000064s ]
INFO: [ app_end ] --START--
INFO: Run Behavior\ShowPageTraceBehavior [ RunTime:0.000044s ]
INFO: [ app_end ] --END-- [ RunTime:0.000068s ]

